<?xml version="1.0" encoding="UTF-8"?>
<!-- Generated by org.testng.reporters.JUnitReportReporter -->
<testsuite hostname="DESKTOP-V3FP7B6" name="com.jbk.EProc.TestCases.ExcelTestCase" tests="1" failures="0" timestamp="6 Mar 2020 07:44:32 GMT" time="14.256" errors="0">
  <testcase name="data" time="14.256" classname="com.jbk.EProc.TestCases.ExcelTestCase"/>
</testsuite> <!-- com.jbk.EProc.TestCases.ExcelTestCase -->
