<?xml version="1.0" encoding="UTF-8"?>
<!-- Generated by org.testng.reporters.JUnitReportReporter -->
<testsuite hostname="LAPTOP-7583PV6R" name="com.jbk.EProc.TestCases.LoginPageTests" tests="1" failures="0" timestamp="5 Mar 2020 13:59:50 GMT" time="13.582" errors="0">
  <testcase name="offWebLogoTestCase" time="13.582" classname="com.jbk.EProc.TestCases.LoginPageTests"/>
</testsuite> <!-- com.jbk.EProc.TestCases.LoginPageTests -->
